<?xml version="1.0" encoding="UTF-8"?>
<testsuite xmlns:xsi="http://www.w3.org/2001/XMLSchema-instance" xsi:noNamespaceSchemaLocation="https://maven.apache.org/surefire/maven-surefire-plugin/xsd/surefire-test-report.xsd" name="Adjust Task" time="0.58" tests="1" errors="0" skipped="1" failures="0">
  <properties>
[...]
</properties>
  <testcase name="User should search a word on the webpage" classname="Adjust Task" time="0">
    <skipped message="The step &quot;user navigates to &quot;https://en.wikipedia.org/w/index.php?search&quot; page&quot; is undefined. You can implement it using the snippet(s) below:&#10;&#10;@When(&quot;user navigates to {string} page&quot;)&#10;public void user_navigates_to_page(String string) {&#10;    // Write code here that turns the phrase above into concrete actions&#10;    throw new io.cucumber.java.PendingException();&#10;}&#10;&#10;&#10;Some other steps were also undefined:&#10;&#10;@Then(&quot;verify that the page title is {string}&quot;)&#10;public void verify_that_the_page_title_is(String string) {&#10;    // Write code here that turns the phrase above into concrete actions&#10;    throw new io.cucumber.java.PendingException();&#10;}&#10;@When(&quot;user searches for {string}&quot;)&#10;public void user_searches_for(String string) {&#10;    // Write code here that turns the phrase above into concrete actions&#10;    throw new io.cucumber.java.PendingException();&#10;}&#10;@Then(&quot;verify that user sees the results for {string}&quot;)&#10;public void verify_that_user_sees_the_results_for(String string) {&#10;    // Write code here that turns the phrase above into concrete actions&#10;    throw new io.cucumber.java.PendingException();&#10;}&#10;"/>
  </testcase>
</testsuite>